{"/home/takahiro/js/search-the-stats/src/api/api.ts": {"path":"/home/takahiro/js/search-the-stats/src/api/api.ts","statementMap":{"0":{"start":{"line":1,"column":0},"end":{"line":1,"column":null}},"1":{"start":{"line":4,"column":38},"end":{"line":13,"column":null}},"2":{"start":{"line":5,"column":14},"end":{"line":5,"column":null}},"3":{"start":{"line":6,"column":2},"end":{"line":11,"column":null}},"4":{"start":{"line":7,"column":4},"end":{"line":7,"column":9}},"5":{"start":{"line":8,"column":4},"end":{"line":8,"column":9}},"6":{"start":{"line":9,"column":4},"end":{"line":9,"column":9}},"7":{"start":{"line":10,"column":4},"end":{"line":10,"column":9}},"8":{"start":{"line":12,"column":2},"end":{"line":12,"column":9}},"9":{"start":{"line":18,"column":47},"end":{"line":24,"column":null}},"10":{"start":{"line":19,"column":16},"end":{"line":19,"column":28}},"11":{"start":{"line":20,"column":2},"end":{"line":20,"column":9}},"12":{"start":{"line":27,"column":51},"end":{"line":32,"column":null}},"13":{"start":{"line":28,"column":2},"end":{"line":28,"column":9}},"14":{"start":{"line":78,"column":45},"end":{"line":84,"column":null}},"15":{"start":{"line":79,"column":16},"end":{"line":79,"column":28}},"16":{"start":{"line":80,"column":2},"end":{"line":80,"column":9}},"17":{"start":{"line":86,"column":51},"end":{"line":92,"column":null}},"18":{"start":{"line":87,"column":16},"end":{"line":87,"column":28}},"19":{"start":{"line":88,"column":2},"end":{"line":88,"column":9}}},"fnMap":{"0":{"name":"(anonymous_0)","decl":{"start":{"line":4,"column":38},"end":{"line":4,"column":64}},"loc":{"start":{"line":4,"column":64},"end":{"line":13,"column":null}}},"1":{"name":"(anonymous_1)","decl":{"start":{"line":18,"column":47},"end":{"line":18,"column":79}},"loc":{"start":{"line":18,"column":79},"end":{"line":24,"column":null}}},"2":{"name":"(anonymous_2)","decl":{"start":{"line":27,"column":51},"end":{"line":27,"column":79}},"loc":{"start":{"line":27,"column":79},"end":{"line":32,"column":null}}},"3":{"name":"(anonymous_3)","decl":{"start":{"line":78,"column":45},"end":{"line":78,"column":77}},"loc":{"start":{"line":78,"column":77},"end":{"line":84,"column":null}}},"4":{"name":"(anonymous_4)","decl":{"start":{"line":86,"column":51},"end":{"line":86,"column":83}},"loc":{"start":{"line":86,"column":83},"end":{"line":92,"column":null}}}},"branchMap":{},"s":{"0":2,"1":2,"2":9,"3":9,"4":20,"5":20,"6":20,"7":20,"8":9,"9":2,"10":7,"11":7,"12":2,"13":1,"14":2,"15":1,"16":1,"17":2,"18":1,"19":1},"f":{"0":9,"1":7,"2":1,"3":1,"4":1},"b":{}}
,"/home/takahiro/js/search-the-stats/src/components/Error.vue": {"path":"/home/takahiro/js/search-the-stats/src/components/Error.vue","statementMap":{"0":{"start":{"line":7,"column":0},"end":{"line":7,"column":null}},"1":{"start":{"line":9,"column":15},"end":{"line":9,"column":31}}},"fnMap":{},"branchMap":{},"s":{"0":1,"1":1},"f":{},"b":{}}
,"/home/takahiro/js/search-the-stats/src/components/Players.vue": {"path":"/home/takahiro/js/search-the-stats/src/components/Players.vue","statementMap":{"0":{"start":{"line":37,"column":0},"end":{"line":37,"column":null}},"1":{"start":{"line":39,"column":15},"end":{"line":39,"column":31}},"2":{"start":{"line":44,"column":4},"end":{"line":44,"column":11}}},"fnMap":{"0":{"name":"(anonymous_0)","decl":{"start":{"line":43,"column":7},"end":{"line":43,"column":null}},"loc":{"start":{"line":43,"column":7},"end":{"line":46,"column":null}}}},"branchMap":{},"s":{"0":1,"1":1,"2":0},"f":{"0":0},"b":{}}
,"/home/takahiro/js/search-the-stats/src/components/ProgressBar.vue": {"path":"/home/takahiro/js/search-the-stats/src/components/ProgressBar.vue","statementMap":{"0":{"start":{"line":12,"column":0},"end":{"line":12,"column":null}},"1":{"start":{"line":14,"column":15},"end":{"line":14,"column":31}}},"fnMap":{},"branchMap":{},"s":{"0":1,"1":1},"f":{},"b":{}}
,"/home/takahiro/js/search-the-stats/src/utils/request.ts": {"path":"/home/takahiro/js/search-the-stats/src/utils/request.ts","statementMap":{"0":{"start":{"line":1,"column":0},"end":{"line":1,"column":null}},"1":{"start":{"line":3,"column":16},"end":{"line":3,"column":null}},"2":{"start":{"line":6,"column":36},"end":{"line":13,"column":null}},"3":{"start":{"line":7,"column":2},"end":{"line":7,"column":9}},"4":{"start":{"line":8,"column":19},"end":{"line":8,"column":31}},"5":{"start":{"line":9,"column":22},"end":{"line":9,"column":null}},"6":{"start":{"line":10,"column":20},"end":{"line":10,"column":null}},"7":{"start":{"line":12,"column":2},"end":{"line":12,"column":9}}},"fnMap":{"0":{"name":"(anonymous_0)","decl":{"start":{"line":6,"column":36},"end":{"line":6,"column":43}},"loc":{"start":{"line":6,"column":87},"end":{"line":13,"column":null}}},"1":{"name":"(anonymous_1)","decl":{"start":{"line":9,"column":10},"end":{"line":9,"column":18}},"loc":{"start":{"line":9,"column":22},"end":{"line":9,"column":null}}},"2":{"name":"(anonymous_2)","decl":{"start":{"line":10,"column":11},"end":{"line":10,"column":16}},"loc":{"start":{"line":10,"column":20},"end":{"line":10,"column":null}}}},"branchMap":{},"s":{"0":2,"1":2,"2":2,"3":10,"4":10,"5":10,"6":0,"7":10},"f":{"0":10,"1":10,"2":0},"b":{}}
,"/home/takahiro/js/search-the-stats/src/utils/useRequest.ts": {"path":"/home/takahiro/js/search-the-stats/src/utils/useRequest.ts","statementMap":{"0":{"start":{"line":1,"column":0},"end":{"line":1,"column":null}},"1":{"start":{"line":4,"column":10},"end":{"line":4,"column":20}},"2":{"start":{"line":5,"column":10},"end":{"line":5,"column":21}},"3":{"start":{"line":6,"column":10},"end":{"line":6,"column":19}},"4":{"start":{"line":10,"column":4},"end":{"line":10,"column":9}},"5":{"start":{"line":14,"column":4},"end":{"line":14,"column":9}},"6":{"start":{"line":15,"column":4},"end":{"line":15,"column":9}},"7":{"start":{"line":16,"column":4},"end":{"line":16,"column":9}},"8":{"start":{"line":18,"column":21},"end":{"line":18,"column":32}},"9":{"start":{"line":20,"column":4},"end":{"line":24,"column":null}},"10":{"start":{"line":21,"column":6},"end":{"line":21,"column":11}},"11":{"start":{"line":23,"column":6},"end":{"line":23,"column":11}},"12":{"start":{"line":26,"column":4},"end":{"line":26,"column":9}},"13":{"start":{"line":30,"column":4},"end":{"line":30,"column":11}},"14":{"start":{"line":34,"column":4},"end":{"line":34,"column":11}},"15":{"start":{"line":38,"column":4},"end":{"line":38,"column":11}}},"fnMap":{"0":{"name":"(anonymous_0)","decl":{"start":{"line":9,"column":2},"end":{"line":9,"column":14}},"loc":{"start":{"line":9,"column":26},"end":{"line":11,"column":null}}},"1":{"name":"(anonymous_1)","decl":{"start":{"line":13,"column":2},"end":{"line":13,"column":8}},"loc":{"start":{"line":13,"column":32},"end":{"line":27,"column":null}}},"2":{"name":"(anonymous_2)","decl":{"start":{"line":29,"column":2},"end":{"line":29,"column":6}},"loc":{"start":{"line":29,"column":12},"end":{"line":31,"column":null}}},"3":{"name":"(anonymous_3)","decl":{"start":{"line":33,"column":2},"end":{"line":33,"column":6}},"loc":{"start":{"line":33,"column":13},"end":{"line":35,"column":null}}},"4":{"name":"(anonymous_4)","decl":{"start":{"line":37,"column":2},"end":{"line":37,"column":6}},"loc":{"start":{"line":37,"column":11},"end":{"line":39,"column":null}}}},"branchMap":{"0":{"loc":{"start":{"line":20,"column":4},"end":{"line":24,"column":null}},"type":"if","locations":[{"start":{"line":20,"column":4},"end":{"line":24,"column":null}},{"start":{"line":20,"column":4},"end":{"line":24,"column":null}}]}},"s":{"0":1,"1":5,"2":5,"3":5,"4":5,"5":6,"6":6,"7":6,"8":6,"9":6,"10":6,"11":0,"12":6,"13":66,"14":24,"15":24},"f":{"0":5,"1":6,"2":66,"3":24,"4":24},"b":{"0":[6,0]}}
,"/home/takahiro/js/search-the-stats/src/views/Search.vue": {"path":"/home/takahiro/js/search-the-stats/src/views/Search.vue","statementMap":{"0":{"start":{"line":99,"column":0},"end":{"line":99,"column":null}},"1":{"start":{"line":100,"column":0},"end":{"line":100,"column":null}},"2":{"start":{"line":101,"column":0},"end":{"line":101,"column":null}},"3":{"start":{"line":104,"column":0},"end":{"line":104,"column":null}},"4":{"start":{"line":105,"column":0},"end":{"line":105,"column":null}},"5":{"start":{"line":106,"column":0},"end":{"line":106,"column":null}},"6":{"start":{"line":109,"column":15},"end":{"line":109,"column":31}},"7":{"start":{"line":117,"column":23},"end":{"line":117,"column":35}},"8":{"start":{"line":118,"column":31},"end":{"line":118,"column":43}},"9":{"start":{"line":119,"column":17},"end":{"line":119,"column":29}},"10":{"start":{"line":120,"column":20},"end":{"line":120,"column":24}},"11":{"start":{"line":122,"column":44},"end":{"line":133,"column":null}},"12":{"start":{"line":122,"column":45},"end":{"line":122,"column":null}},"13":{"start":{"line":122,"column":45},"end":{"line":122,"column":53}},"14":{"start":{"line":123,"column":6},"end":{"line":123,"column":13}},"15":{"start":{"line":128,"column":8},"end":{"line":128,"column":12}},"16":{"start":{"line":131,"column":8},"end":{"line":131,"column":26}},"17":{"start":{"line":135,"column":4},"end":{"line":135,"column":10}},"18":{"start":{"line":135,"column":22},"end":{"line":135,"column":28}},"19":{"start":{"line":137,"column":22},"end":{"line":137,"column":null}},"20":{"start":{"line":138,"column":23},"end":{"line":138,"column":null}},"21":{"start":{"line":139,"column":32},"end":{"line":139,"column":44}},"22":{"start":{"line":140,"column":18},"end":{"line":140,"column":null}},"23":{"start":{"line":140,"column":24},"end":{"line":140,"column":43}},"24":{"start":{"line":141,"column":17},"end":{"line":141,"column":null}},"25":{"start":{"line":141,"column":23},"end":{"line":141,"column":42}},"26":{"start":{"line":143,"column":4},"end":{"line":143,"column":11}}},"fnMap":{"0":{"name":"(anonymous_0)","decl":{"start":{"line":115,"column":2},"end":{"line":115,"column":7}},"loc":{"start":{"line":115,"column":2},"end":{"line":153,"column":null}}},"1":{"name":"(anonymous_1)","decl":{"start":{"line":122,"column":44},"end":{"line":122,"column":45}},"loc":{"start":{"line":122,"column":53},"end":{"line":133,"column":null}}},"2":{"name":"(anonymous_2)","decl":{"start":{"line":127,"column":12},"end":{"line":127,"column":null}},"loc":{"start":{"line":127,"column":12},"end":{"line":129,"column":null}}},"3":{"name":"(anonymous_3)","decl":{"start":{"line":130,"column":12},"end":{"line":130,"column":null}},"loc":{"start":{"line":130,"column":12},"end":{"line":132,"column":null}}},"4":{"name":"(anonymous_4)","decl":{"start":{"line":135,"column":16},"end":{"line":135,"column":22}},"loc":{"start":{"line":135,"column":16},"end":{"line":135,"column":null}}},"5":{"name":"(anonymous_5)","decl":{"start":{"line":140,"column":18},"end":{"line":140,"column":24}},"loc":{"start":{"line":140,"column":18},"end":{"line":140,"column":null}}},"6":{"name":"(anonymous_6)","decl":{"start":{"line":141,"column":17},"end":{"line":141,"column":23}},"loc":{"start":{"line":141,"column":17},"end":{"line":141,"column":null}}}},"branchMap":{"0":{"loc":{"start":{"line":122,"column":45},"end":{"line":122,"column":null}},"type":"if","locations":[{"start":{"line":122,"column":45},"end":{"line":122,"column":null}},{"start":{"line":122,"column":45},"end":{"line":122,"column":null}}]}},"s":{"0":1,"1":1,"2":1,"3":1,"4":1,"5":1,"6":1,"7":5,"8":5,"9":5,"10":5,"11":5,"12":6,"13":0,"14":6,"15":6,"16":6,"17":5,"18":2,"19":5,"20":5,"21":5,"22":5,"23":0,"24":5,"25":0,"26":5},"f":{"0":5,"1":6,"2":6,"3":6,"4":2,"5":0,"6":0},"b":{"0":[0,6]}}
,"/home/takahiro/js/search-the-stats/tests/unit/src/response.js": {"path":"/home/takahiro/js/search-the-stats/tests/unit/src/response.js","statementMap":{"0":{"start":{"line":1,"column":32},"end":{"line":51,"column":1}},"1":{"start":{"line":53,"column":33},"end":{"line":103,"column":1}},"2":{"start":{"line":105,"column":33},"end":{"line":155,"column":1}},"3":{"start":{"line":157,"column":32},"end":{"line":207,"column":1}}},"fnMap":{},"branchMap":{},"s":{"0":1,"1":1,"2":1,"3":1},"f":{},"b":{},"_coverageSchema":"43e27e138ebf9cfc5966b082cf9a028302ed4184","hash":"ae2032b1abc7c3535074dd7adaa09aec3e8e5f77"}
}
