TN:
SF:/home/takahiro/js/search-the-stats/src/api/api.ts
FN:4,(anonymous_0)
FN:18,(anonymous_1)
FN:27,(anonymous_2)
FN:78,(anonymous_3)
FN:86,(anonymous_4)
FNF:5
FNH:5
FNDA:9,(anonymous_0)
FNDA:7,(anonymous_1)
FNDA:1,(anonymous_2)
FNDA:1,(anonymous_3)
FNDA:1,(anonymous_4)
DA:1,2
DA:4,2
DA:5,9
DA:6,9
DA:7,20
DA:8,20
DA:9,20
DA:10,20
DA:12,9
DA:18,2
DA:19,7
DA:20,7
DA:27,2
DA:28,1
DA:78,2
DA:79,1
DA:80,1
DA:86,2
DA:87,1
DA:88,1
LF:20
LH:20
BRF:0
BRH:0
end_of_record
TN:
SF:/home/takahiro/js/search-the-stats/src/components/Error.vue
FNF:0
FNH:0
DA:7,1
DA:9,1
LF:2
LH:2
BRF:0
BRH:0
end_of_record
TN:
SF:/home/takahiro/js/search-the-stats/src/components/Players.vue
FN:43,(anonymous_0)
FNF:1
FNH:0
FNDA:0,(anonymous_0)
DA:37,1
DA:39,1
DA:44,0
LF:3
LH:2
BRF:0
BRH:0
end_of_record
TN:
SF:/home/takahiro/js/search-the-stats/src/components/ProgressBar.vue
FNF:0
FNH:0
DA:12,1
DA:14,1
LF:2
LH:2
BRF:0
BRH:0
end_of_record
TN:
SF:/home/takahiro/js/search-the-stats/src/utils/request.ts
FN:6,(anonymous_0)
FN:9,(anonymous_1)
FN:10,(anonymous_2)
FNF:3
FNH:2
FNDA:10,(anonymous_0)
FNDA:10,(anonymous_1)
FNDA:0,(anonymous_2)
DA:1,2
DA:3,2
DA:6,2
DA:7,10
DA:8,10
DA:9,10
DA:10,0
DA:12,10
LF:8
LH:7
BRF:0
BRH:0
end_of_record
TN:
SF:/home/takahiro/js/search-the-stats/src/utils/useRequest.ts
FN:9,(anonymous_0)
FN:13,(anonymous_1)
FN:29,(anonymous_2)
FN:33,(anonymous_3)
FN:37,(anonymous_4)
FNF:5
FNH:5
FNDA:5,(anonymous_0)
FNDA:6,(anonymous_1)
FNDA:66,(anonymous_2)
FNDA:24,(anonymous_3)
FNDA:24,(anonymous_4)
DA:1,1
DA:4,5
DA:5,5
DA:6,5
DA:10,5
DA:14,6
DA:15,6
DA:16,6
DA:18,6
DA:20,6
DA:21,6
DA:23,0
DA:26,6
DA:30,66
DA:34,24
DA:38,24
LF:16
LH:15
BRDA:20,0,0,6
BRDA:20,0,1,0
BRF:2
BRH:1
end_of_record
TN:
SF:/home/takahiro/js/search-the-stats/src/views/Search.vue
FN:115,(anonymous_0)
FN:122,(anonymous_1)
FN:127,(anonymous_2)
FN:130,(anonymous_3)
FN:135,(anonymous_4)
FN:140,(anonymous_5)
FN:141,(anonymous_6)
FNF:7
FNH:5
FNDA:5,(anonymous_0)
FNDA:6,(anonymous_1)
FNDA:6,(anonymous_2)
FNDA:6,(anonymous_3)
FNDA:2,(anonymous_4)
FNDA:0,(anonymous_5)
FNDA:0,(anonymous_6)
DA:99,1
DA:100,1
DA:101,1
DA:104,1
DA:105,1
DA:106,1
DA:109,1
DA:117,5
DA:118,5
DA:119,5
DA:120,5
DA:122,6
DA:123,6
DA:128,6
DA:131,6
DA:135,5
DA:137,5
DA:138,5
DA:139,5
DA:140,5
DA:141,5
DA:143,5
LF:22
LH:22
BRDA:122,0,0,0
BRDA:122,0,1,6
BRF:2
BRH:1
end_of_record
TN:
SF:/home/takahiro/js/search-the-stats/tests/unit/src/response.js
FNF:0
FNH:0
DA:1,1
DA:53,1
DA:105,1
DA:157,1
LF:4
LH:4
BRF:0
BRH:0
end_of_record
